<?xml version="1.0" encoding="UTF-8" ?>
<testsuite tests="5" failures="0" name="com.niit.project2_backend.BlogDaoTest" time="11.964" errors="0" skipped="5">
  <properties>
[...]
</properties>
  <testcase classname="com.niit.project2_backend.BlogDaoTest" name="updateBlog" time="2.391">
    <skipped/>
    <system-err>Mar 13, 2018 3:05:43 PM org.springframework.context.annotation.AnnotationConfigApplicationContext prepareRefresh
INFO: Refreshing org.springframework.context.annotation.AnnotationConfigApplicationContext@5679c6c6: startup date [Tue Mar 13 15:05:43 IST 2018]; root of context hierarchy
Mar 13, 2018 3:05:43 PM org.springframework.jdbc.datasource.DriverManagerDataSource setDriverClassName
INFO: Loaded JDBC driver: org.h2.Driver
Mar 13, 2018 3:05:44 PM org.hibernate.annotations.common.reflection.java.JavaReflectionManager &lt;clinit&gt;
INFO: HCANN000001: Hibernate Commons Annotations {4.0.5.Final}
Mar 13, 2018 3:05:44 PM org.hibernate.Version logVersion
INFO: HHH000412: Hibernate Core {4.3.9.Final}
Mar 13, 2018 3:05:44 PM org.hibernate.cfg.Environment &lt;clinit&gt;
INFO: HHH000206: hibernate.properties not found
Mar 13, 2018 3:05:44 PM org.hibernate.cfg.Environment buildBytecodeProvider
INFO: HHH000021: Bytecode provider name : javassist
Mar 13, 2018 3:05:44 PM org.hibernate.dialect.Dialect &lt;init&gt;
INFO: HHH000400: Using dialect: org.hibernate.dialect.H2Dialect
Mar 13, 2018 3:05:44 PM org.hibernate.engine.transaction.internal.TransactionFactoryInitiator initiateService
INFO: HHH000399: Using default transaction strategy (direct JDBC transactions)
Mar 13, 2018 3:05:44 PM org.hibernate.hql.internal.ast.ASTQueryTranslatorFactory &lt;init&gt;
INFO: HHH000397: Using ASTQueryTranslatorFactory
Mar 13, 2018 3:05:45 PM org.hibernate.tool.hbm2ddl.SchemaUpdate execute
INFO: HHH000228: Running hbm2ddl schema update
Mar 13, 2018 3:05:45 PM org.hibernate.tool.hbm2ddl.SchemaUpdate execute
INFO: HHH000102: Fetching database metadata
Mar 13, 2018 3:05:45 PM org.hibernate.tool.hbm2ddl.SchemaUpdate execute
INFO: HHH000396: Updating schema
Mar 13, 2018 3:05:45 PM org.hibernate.tool.hbm2ddl.TableMetadata &lt;init&gt;
INFO: HHH000261: Table found: PROJECT2.PUBLIC.BLOG
Mar 13, 2018 3:05:45 PM org.hibernate.tool.hbm2ddl.TableMetadata &lt;init&gt;
INFO: HHH000037: Columns: [blogname, blogcontent, createdate, blogid, userid, likes, status, username]
Mar 13, 2018 3:05:45 PM org.hibernate.tool.hbm2ddl.TableMetadata &lt;init&gt;
INFO: HHH000108: Foreign keys: []
Mar 13, 2018 3:05:45 PM org.hibernate.tool.hbm2ddl.TableMetadata &lt;init&gt;
INFO: HHH000126: Indexes: [primary_key_1]
Mar 13, 2018 3:05:45 PM org.hibernate.tool.hbm2ddl.TableMetadata &lt;init&gt;
INFO: HHH000261: Table found: PROJECT2.PUBLIC.BLOGCOMMENT
Mar 13, 2018 3:05:45 PM org.hibernate.tool.hbm2ddl.TableMetadata &lt;init&gt;
INFO: HHH000037: Columns: [bcid, cmntdate, blogid, userid, cmnt, username]
Mar 13, 2018 3:05:45 PM org.hibernate.tool.hbm2ddl.TableMetadata &lt;init&gt;
INFO: HHH000108: Foreign keys: []
Mar 13, 2018 3:05:45 PM org.hibernate.tool.hbm2ddl.TableMetadata &lt;init&gt;
INFO: HHH000126: Indexes: [primary_key_d]
Mar 13, 2018 3:05:45 PM org.hibernate.tool.hbm2ddl.TableMetadata &lt;init&gt;
INFO: HHH000261: Table found: PROJECT2.PUBLIC.BLOGPOSTLIKES
Mar 13, 2018 3:05:45 PM org.hibernate.tool.hbm2ddl.TableMetadata &lt;init&gt;
INFO: HHH000037: Columns: [likesid, blogpost_blogid, user_userid]
Mar 13, 2018 3:05:45 PM org.hibernate.tool.hbm2ddl.TableMetadata &lt;init&gt;
INFO: HHH000108: Foreign keys: [fk_fdbcqbjao8oo6qrycjdol52nv, fk_mgkotshwql6sd5o3x058biv9x]
Mar 13, 2018 3:05:45 PM org.hibernate.tool.hbm2ddl.TableMetadata &lt;init&gt;
INFO: HHH000126: Indexes: [primary_key_9, fk_mgkotshwql6sd5o3x058biv9x_index_9, fk_fdbcqbjao8oo6qrycjdol52nv_index_9]
Mar 13, 2018 3:05:45 PM org.hibernate.tool.hbm2ddl.TableMetadata &lt;init&gt;
INFO: HHH000261: Table found: PROJECT2.PUBLIC.FORUM
Mar 13, 2018 3:05:45 PM org.hibernate.tool.hbm2ddl.TableMetadata &lt;init&gt;
INFO: HHH000037: Columns: [createdate, forumcontent, forumname, forumid, status]
Mar 13, 2018 3:05:45 PM org.hibernate.tool.hbm2ddl.TableMetadata &lt;init&gt;
INFO: HHH000108: Foreign keys: []
Mar 13, 2018 3:05:45 PM org.hibernate.tool.hbm2ddl.TableMetadata &lt;init&gt;
INFO: HHH000126: Indexes: [primary_key_3]
Mar 13, 2018 3:05:45 PM org.hibernate.tool.hbm2ddl.TableMetadata &lt;init&gt;
INFO: HHH000261: Table found: PROJECT2.PUBLIC.FRIEND
Mar 13, 2018 3:05:45 PM org.hibernate.tool.hbm2ddl.TableMetadata &lt;init&gt;
INFO: HHH000037: Columns: [friendid, user_id, friendreqid, status]
Mar 13, 2018 3:05:45 PM org.hibernate.tool.hbm2ddl.TableMetadata &lt;init&gt;
INFO: HHH000108: Foreign keys: []
Mar 13, 2018 3:05:45 PM org.hibernate.tool.hbm2ddl.TableMetadata &lt;init&gt;
INFO: HHH000126: Indexes: [primary_key_7]
Mar 13, 2018 3:05:45 PM org.hibernate.tool.hbm2ddl.TableMetadata &lt;init&gt;
INFO: HHH000261: Table found: PROJECT2.PUBLIC.JOBAPPLICATIONS
Mar 13, 2018 3:05:45 PM org.hibernate.tool.hbm2ddl.TableMetadata &lt;init&gt;
INFO: HHH000037: Columns: [jobid, jobapplyid, userid]
Mar 13, 2018 3:05:45 PM org.hibernate.tool.hbm2ddl.TableMetadata &lt;init&gt;
INFO: HHH000108: Foreign keys: []
Mar 13, 2018 3:05:45 PM org.hibernate.tool.hbm2ddl.TableMetadata &lt;init&gt;
INFO: HHH000126: Indexes: [primary_key_e]
Mar 13, 2018 3:05:45 PM org.hibernate.tool.hbm2ddl.TableMetadata &lt;init&gt;
INFO: HHH000261: Table found: PROJECT2.PUBLIC.JOBS
Mar 13, 2018 3:05:45 PM org.hibernate.tool.hbm2ddl.TableMetadata &lt;init&gt;
INFO: HHH000037: Columns: [jobid, qualification, companydesc, postdate, company, salary, jobprfl, jobdescp, status]
Mar 13, 2018 3:05:45 PM org.hibernate.tool.hbm2ddl.TableMetadata &lt;init&gt;
INFO: HHH000108: Foreign keys: []
Mar 13, 2018 3:05:45 PM org.hibernate.tool.hbm2ddl.TableMetadata &lt;init&gt;
INFO: HHH000126: Indexes: [primary_key_22]
Mar 13, 2018 3:05:45 PM org.hibernate.tool.hbm2ddl.TableMetadata &lt;init&gt;
INFO: HHH000261: Table found: PROJECT2.PUBLIC.USER
Mar 13, 2018 3:05:45 PM org.hibernate.tool.hbm2ddl.TableMetadata &lt;init&gt;
INFO: HHH000037: Columns: [password, address, role, phone, userid, email, isonline, status, username]
Mar 13, 2018 3:05:45 PM org.hibernate.tool.hbm2ddl.TableMetadata &lt;init&gt;
INFO: HHH000108: Foreign keys: []
Mar 13, 2018 3:05:45 PM org.hibernate.tool.hbm2ddl.TableMetadata &lt;init&gt;
INFO: HHH000126: Indexes: [primary_key_2]
Mar 13, 2018 3:05:45 PM org.hibernate.tool.hbm2ddl.TableMetadata &lt;init&gt;
INFO: HHH000261: Table found: PROJECT2.PUBLIC.NOTIFICATION
Mar 13, 2018 3:05:45 PM org.hibernate.tool.hbm2ddl.TableMetadata &lt;init&gt;
INFO: HHH000037: Columns: [noti, notid, username]
Mar 13, 2018 3:05:45 PM org.hibernate.tool.hbm2ddl.TableMetadata &lt;init&gt;
INFO: HHH000108: Foreign keys: []
Mar 13, 2018 3:05:45 PM org.hibernate.tool.hbm2ddl.TableMetadata &lt;init&gt;
INFO: HHH000126: Indexes: [primary_key_a]
Mar 13, 2018 3:05:45 PM org.hibernate.tool.hbm2ddl.SchemaUpdate execute
INFO: HHH000232: Schema update complete
Mar 13, 2018 3:05:45 PM org.springframework.orm.hibernate4.HibernateTransactionManager afterPropertiesSet
INFO: Using DataSource [org.springframework.jdbc.datasource.DriverManagerDataSource@776aec5c] of Hibernate SessionFactory for HibernateTransactionManager
</system-err>
  </testcase>
  <testcase classname="com.niit.project2_backend.BlogDaoTest" name="getBlog" time="2.393">
    <skipped/>
  </testcase>
  <testcase classname="com.niit.project2_backend.BlogDaoTest" name="getAllBlogs" time="2.393">
    <skipped/>
  </testcase>
  <testcase classname="com.niit.project2_backend.BlogDaoTest" name="addBlog" time="2.393">
    <skipped/>
  </testcase>
  <testcase classname="com.niit.project2_backend.BlogDaoTest" name="deleteBlog" time="2.394">
    <skipped/>
  </testcase>
</testsuite>